<?xml version="1.0" encoding="utf-8"?>
<Frame
    borderColor="red"
    borderWidth="10">
    <Flex
        width="300"
        height="300"
        background="blue"/>
    <Text
        textStyle="bold"
        textSize="16"
        text="碧蓝航线电子科大店">
    </Text>
    <Text
        marginTop="2"
        paddingLeft="4"
        paddingRight="4"
        background="${draw:gradient(l2r,'#EE9611','#F7C709')}"
        borderRadius="3"
        marginLeft="12"
        text="外卖"
        textSize="10"/>
</Frame>